2020-09-15 19:59:21.238874: I tensorflow/stream_executor/platform/default/dso_loader.cc:48] Successfully opened dynamic library libcudart.so.10.1
2020-09-15 19:59:22.629793: I tensorflow/stream_executor/platform/default/dso_loader.cc:48] Successfully opened dynamic library libcuda.so.1
2020-09-15 19:59:22.663017: I tensorflow/core/common_runtime/gpu/gpu_device.cc:1716] Found device 0 with properties:
pciBusID: ea1f:00:00.0 name: Tesla K80 computeCapability: 3.7
coreClock: 0.8235GHz coreCount: 13 deviceMemorySize: 11.17GiB deviceMemoryBandwidth: 223.96GiB/s
2020-09-15 19:59:22.663066: I tensorflow/stream_executor/platform/default/dso_loader.cc:48] Successfully opened dynamic library libcudart.so.10.1
2020-09-15 19:59:22.663279: W tensorflow/stream_executor/platform/default/dso_loader.cc:59] Could not load dynamic library 'libcublas.so.10'; dlerror: libcublas.so.10: cannot open shared object file: No such file or directory
2020-09-15 19:59:22.665093: I tensorflow/stream_executor/platform/default/dso_loader.cc:48] Successfully opened dynamic library libcufft.so.10
2020-09-15 19:59:22.665434: I tensorflow/stream_executor/platform/default/dso_loader.cc:48] Successfully opened dynamic library libcurand.so.10
2020-09-15 19:59:22.667392: I tensorflow/stream_executor/platform/default/dso_loader.cc:48] Successfully opened dynamic library libcusolver.so.10
2020-09-15 19:59:22.668499: I tensorflow/stream_executor/platform/default/dso_loader.cc:48] Successfully opened dynamic library libcusparse.so.10
2020-09-15 19:59:22.672589: I tensorflow/stream_executor/platform/default/dso_loader.cc:48] Successfully opened dynamic library libcudnn.so.7
2020-09-15 19:59:22.672611: W tensorflow/core/common_runtime/gpu/gpu_device.cc:1753] Cannot dlopen some GPU libraries. Please make sure the missing libraries mentioned above are installed properly if you would like to use GPU. Follow the guide at https://www.tensorflow.org/install/gpu for how to download and setup the required libraries for your platform.
Skipping registering GPU devices...
2020-09-15 19:59:22.672937: I tensorflow/core/platform/cpu_feature_guard.cc:142] This TensorFlow binary is optimized with oneAPI Deep Neural Network Library (oneDNN)to use the following CPU instructions in performance-critical operations:  AVX2 FMA
To enable them in other operations, rebuild TensorFlow with the appropriate compiler flags.
2020-09-15 19:59:22.680288: I tensorflow/core/platform/profile_utils/cpu_utils.cc:104] CPU Frequency: 2596990000 Hz
2020-09-15 19:59:22.681085: I tensorflow/compiler/xla/service/service.cc:168] XLA service 0x560b8478f260 initialized for platform Host (this does not guarantee that XLA will be used). Devices:
2020-09-15 19:59:22.681107: I tensorflow/compiler/xla/service/service.cc:176]   StreamExecutor device (0): Host, Default Version
2020-09-15 19:59:22.682511: I tensorflow/core/common_runtime/gpu/gpu_device.cc:1257] Device interconnect StreamExecutor with strength 1 edge matrix:
2020-09-15 19:59:22.682531: I tensorflow/core/common_runtime/gpu/gpu_device.cc:1263]
Starting with inception...
Downloading data from https://storage.googleapis.com/tensorflow/keras-applications/inception_v3/inception_v3_weights_tf_dim_ordering_tf_kernels_notop.h5
87916544/87910968 [==============================] - 1s 0us/step
2020-09-15 19:59:32.767437: I tensorflow/core/profiler/lib/profiler_session.cc:164] Profiler session started.
2020-09-15 19:59:32.767538: I tensorflow/core/profiler/internal/gpu/cupti_tracer.cc:1391] Profiler found 1 GPUs
2020-09-15 19:59:32.767813: W tensorflow/stream_executor/platform/default/dso_loader.cc:59] Could not load dynamic library 'libcupti.so.10.1'; dlerror: libcupti.so.10.1: cannot open shared object file: No such file or directory
2020-09-15 19:59:32.767932: W tensorflow/stream_executor/platform/default/dso_loader.cc:59] Could not load dynamic library 'libcupti.so'; dlerror: libcupti.so: cannot open shared object file: No such file or directory
2020-09-15 19:59:32.767959: E tensorflow/core/profiler/internal/gpu/cupti_tracer.cc:1441] function cupti_interface_->Subscribe( &subscriber_, (CUpti_CallbackFunc)ApiCallback, this)failed with error CUPTI could not be loaded or symbol could not be found.
class clap, validation count: 42, train count: 88
class eat, validation count: 35, train count: 73
class laugh, validation count: 42, train count: 86
class pick, validation count: 34, train count: 72
class smile, validation count: 33, train count: 69
class talk, validation count: 39, train count: 81
class wave, validation count: 34, train count: 70
Total data: 7 classes for 539 files for train
Total data: 7 classes for 259 files for validation
Epoch 1/50
 1/67 [..............................] - ETA: 0s - loss: 5.5309 - acc: 0.12502020-09-15 19:59:50.336221: I tensorflow/core/profiler/lib/profiler_session.cc:164] Profiler session started.
2020-09-15 19:59:50.336305: E tensorflow/core/profiler/internal/gpu/cupti_tracer.cc:1441] function cupti_interface_->Subscribe( &subscriber_, (CUpti_CallbackFunc)ApiCallback, this)failed with error CUPTI could not be loaded or symbol could not be found.
WARNING:tensorflow:From /home/dqsamayoa/miniconda3/envs/cnn-lstm/lib/python3.7/site-packages/tensorflow/python/ops/summary_ops_v2.py:1277: stop (from tensorflow.python.eager.profiler) is deprecated and will be removed after 2020-07-01.
Instructions for updating:
use `tf.profiler.experimental.stop` instead.
WARNING:tensorflow:From /home/dqsamayoa/miniconda3/envs/cnn-lstm/lib/python3.7/site-packages/tensorflow/python/ops/summary_ops_v2.py:1277: stop (from tensorflow.python.eager.profiler) is deprecated and will be removed after 2020-07-01.
Instructions for updating:
use `tf.profiler.experimental.stop` instead.
2020-09-15 19:59:54.816869: I tensorflow/core/profiler/internal/gpu/device_tracer.cc:223]  GpuTracer has collected 0 callback api events and 0 activity events.
2020-09-15 19:59:54.915284: I tensorflow/core/profiler/rpc/client/save_profile.cc:176] Creating directory: ../data-lake/tf_logs/inception_20200915-195931/train/plugins/profile/2020_09_15_19_59_54
2020-09-15 19:59:54.947658: I tensorflow/core/profiler/rpc/client/save_profile.cc:182] Dumped gzipped tool data for trace.json.gz to ../data-lake/tf_logs/inception_20200915-195931/train/plugins/profile/2020_09_15_19_59_54/gesture-vm.trace.json.gz
2020-09-15 19:59:54.962743: I tensorflow/core/profiler/rpc/client/save_profile.cc:176] Creating directory: ../data-lake/tf_logs/inception_20200915-195931/train/plugins/profile/2020_09_15_19_59_54
2020-09-15 19:59:54.974911: I tensorflow/core/profiler/rpc/client/save_profile.cc:182] Dumped gzipped tool data for memory_profile.json.gz to ../data-lake/tf_logs/inception_20200915-195931/train/plugins/profile/2020_09_15_19_59_54/gesture-vm.memory_profile.json.gz
2020-09-15 19:59:55.146427: I tensorflow/python/profiler/internal/profiler_wrapper.cc:111] Creating directory: ../data-lake/tf_logs/inception_20200915-195931/train/plugins/profile/2020_09_15_19_59_54Dumped tool data for xplane.pb to ../data-lake/tf_logs/inception_20200915-195931/train/plugins/profile/2020_09_15_19_59_54/gesture-vm.xplane.pb
Dumped tool data for overview_page.pb to ../data-lake/tf_logs/inception_20200915-195931/train/plugins/profile/2020_09_15_19_59_54/gesture-vm.overview_page.pb
Dumped tool data for input_pipeline.pb to ../data-lake/tf_logs/inception_20200915-195931/train/plugins/profile/2020_09_15_19_59_54/gesture-vm.input_pipeline.pb
Dumped tool data for tensorflow_stats.pb to ../data-lake/tf_logs/inception_20200915-195931/train/plugins/profile/2020_09_15_19_59_54/gesture-vm.tensorflow_stats.pb
Dumped tool data for kernel_stats.pb to ../data-lake/tf_logs/inception_20200915-195931/train/plugins/profile/2020_09_15_19_59_54/gesture-vm.kernel_stats.pb

67/67 [==============================] - 430s 6s/step - loss: 5.5141 - acc: 0.1455 - val_loss: 5.4602 - val_acc: 0.1680
Epoch 2/50
67/67 [==============================] - 415s 6s/step - loss: 5.4114 - acc: 0.1698 - val_loss: 5.3562 - val_acc: 0.2539
Epoch 3/50
67/67 [==============================] - 415s 6s/step - loss: 5.3153 - acc: 0.1828 - val_loss: 5.2596 - val_acc: 0.2305
Epoch 4/50
67/67 [==============================] - 415s 6s/step - loss: 5.2084 - acc: 0.2164 - val_loss: 5.1639 - val_acc: 0.2266
Epoch 5/50
67/67 [==============================] - 416s 6s/step - loss: 5.1088 - acc: 0.2425 - val_loss: 5.0511 - val_acc: 0.2734
Epoch 6/50
67/67 [==============================] - 415s 6s/step - loss: 4.9959 - acc: 0.2743 - val_loss: 4.9335 - val_acc: 0.2891
Epoch 7/50
67/67 [==============================] - 415s 6s/step - loss: 4.8764 - acc: 0.2761 - val_loss: 4.8534 - val_acc: 0.2305
Epoch 8/50
67/67 [==============================] - 416s 6s/step - loss: 4.7557 - acc: 0.3265 - val_loss: 4.7108 - val_acc: 0.2773
Epoch 9/50
67/67 [==============================] - 416s 6s/step - loss: 4.6205 - acc: 0.3078 - val_loss: 4.5884 - val_acc: 0.2852
Epoch 10/50
67/67 [==============================] - 415s 6s/step - loss: 4.5217 - acc: 0.3377 - val_loss: 4.4218 - val_acc: 0.4180
Epoch 11/50
67/67 [==============================] - 416s 6s/step - loss: 4.3704 - acc: 0.3843 - val_loss: 4.3488 - val_acc: 0.3359
Epoch 12/50
67/67 [==============================] - 414s 6s/step - loss: 4.2719 - acc: 0.3713 - val_loss: 4.3412 - val_acc: 0.3555
Epoch 13/50
67/67 [==============================] - 413s 6s/step - loss: 4.1707 - acc: 0.4123 - val_loss: 4.1998 - val_acc: 0.3711
Epoch 14/50
67/67 [==============================] - 413s 6s/step - loss: 4.0631 - acc: 0.4590 - val_loss: 4.0096 - val_acc: 0.4570
Epoch 15/50
67/67 [==============================] - 416s 6s/step - loss: 3.9178 - acc: 0.4664 - val_loss: 3.9307 - val_acc: 0.4844
Epoch 16/50
67/67 [==============================] - 413s 6s/step - loss: 3.8395 - acc: 0.4683 - val_loss: 3.9130 - val_acc: 0.4258
Epoch 17/50
67/67 [==============================] - 413s 6s/step - loss: 3.7713 - acc: 0.4944 - val_loss: 3.7699 - val_acc: 0.4883
Epoch 18/50
67/67 [==============================] - 414s 6s/step - loss: 3.6951 - acc: 0.4963 - val_loss: 3.6853 - val_acc: 0.4609
Epoch 19/50
67/67 [==============================] - 414s 6s/step - loss: 3.6219 - acc: 0.5000 - val_loss: 3.5962 - val_acc: 0.5000
Epoch 20/50
67/67 [==============================] - 414s 6s/step - loss: 3.5419 - acc: 0.5131 - val_loss: 3.5949 - val_acc: 0.5000
Epoch 21/50
67/67 [==============================] - 415s 6s/step - loss: 3.4181 - acc: 0.5578 - val_loss: 3.4529 - val_acc: 0.5117
Epoch 22/50
67/67 [==============================] - 414s 6s/step - loss: 3.3273 - acc: 0.5616 - val_loss: 3.5899 - val_acc: 0.4727
Epoch 23/50
67/67 [==============================] - 413s 6s/step - loss: 3.3091 - acc: 0.5541 - val_loss: 3.3549 - val_acc: 0.5156
Epoch 24/50
67/67 [==============================] - 415s 6s/step - loss: 3.2501 - acc: 0.5709 - val_loss: 3.4302 - val_acc: 0.4805
Epoch 25/50
67/67 [==============================] - 413s 6s/step - loss: 3.2648 - acc: 0.5392 - val_loss: 3.2517 - val_acc: 0.5156
Epoch 26/50
67/67 [==============================] - 413s 6s/step - loss: 3.1212 - acc: 0.5690 - val_loss: 3.2440 - val_acc: 0.5312
Epoch 27/50
67/67 [==============================] - 416s 6s/step - loss: 2.9984 - acc: 0.6101 - val_loss: 3.1397 - val_acc: 0.5547
Epoch 28/50
67/67 [==============================] - 413s 6s/step - loss: 3.0020 - acc: 0.5765 - val_loss: 3.1139 - val_acc: 0.5508
Epoch 29/50
67/67 [==============================] - 414s 6s/step - loss: 2.9244 - acc: 0.5933 - val_loss: 2.9987 - val_acc: 0.5703
Epoch 30/50
67/67 [==============================] - 413s 6s/step - loss: 2.9174 - acc: 0.6007 - val_loss: 2.9708 - val_acc: 0.5312
Epoch 31/50
67/67 [==============================] - 414s 6s/step - loss: 2.8201 - acc: 0.6007 - val_loss: 2.8754 - val_acc: 0.6055
Epoch 32/50
67/67 [==============================] - 413s 6s/step - loss: 2.7680 - acc: 0.6325 - val_loss: 2.9054 - val_acc: 0.5391
Epoch 33/50
67/67 [==============================] - 413s 6s/step - loss: 2.7229 - acc: 0.6119 - val_loss: 2.8342 - val_acc: 0.5625
Epoch 34/50
67/67 [==============================] - 412s 6s/step - loss: 2.6822 - acc: 0.6231 - val_loss: 2.7859 - val_acc: 0.5898
Epoch 35/50
67/67 [==============================] - 416s 6s/step - loss: 2.6467 - acc: 0.6381 - val_loss: 2.7584 - val_acc: 0.5898
Epoch 36/50
67/67 [==============================] - 414s 6s/step - loss: 2.6419 - acc: 0.6045 - val_loss: 2.7807 - val_acc: 0.5664
Epoch 37/50
67/67 [==============================] - 413s 6s/step - loss: 2.5396 - acc: 0.6586 - val_loss: 2.7419 - val_acc: 0.5391
Epoch 38/50
67/67 [==============================] - 413s 6s/step - loss: 2.4959 - acc: 0.6493 - val_loss: 2.7849 - val_acc: 0.5117
Epoch 39/50
67/67 [==============================] - 413s 6s/step - loss: 2.5433 - acc: 0.5933 - val_loss: 2.5739 - val_acc: 0.6094
Epoch 40/50
67/67 [==============================] - 415s 6s/step - loss: 2.3802 - acc: 0.6549 - val_loss: 2.6658 - val_acc: 0.5586
Epoch 41/50
67/67 [==============================] - 414s 6s/step - loss: 2.3439 - acc: 0.6735 - val_loss: 2.5100 - val_acc: 0.5742
Epoch 42/50
67/67 [==============================] - 419s 6s/step - loss: 2.2852 - acc: 0.6810 - val_loss: 2.4711 - val_acc: 0.5781
Epoch 43/50
67/67 [==============================] - 419s 6s/step - loss: 2.3001 - acc: 0.6549 - val_loss: 2.6849 - val_acc: 0.5352
Epoch 44/50
67/67 [==============================] - 415s 6s/step - loss: 2.3841 - acc: 0.6063 - val_loss: 2.4958 - val_acc: 0.5586
Epoch 45/50
67/67 [==============================] - 415s 6s/step - loss: 2.2564 - acc: 0.6418 - val_loss: 2.4240 - val_acc: 0.5781
Epoch 46/50
67/67 [==============================] - 415s 6s/step - loss: 2.1466 - acc: 0.6884 - val_loss: 2.4876 - val_acc: 0.5547
Epoch 47/50
67/67 [==============================] - 415s 6s/step - loss: 2.1795 - acc: 0.6474 - val_loss: 2.4274 - val_acc: 0.5547
Epoch 48/50
67/67 [==============================] - 416s 6s/step - loss: 2.1269 - acc: 0.6474 - val_loss: 2.4335 - val_acc: 0.5820
Epoch 49/50
67/67 [==============================] - 415s 6s/step - loss: 2.1196 - acc: 0.6455 - val_loss: 2.5448 - val_acc: 0.4922
Epoch 50/50
67/67 [==============================] - 415s 6s/step - loss: 2.0776 - acc: 0.6660 - val_loss: 2.3531 - val_acc: 0.5742
2020-09-16 01:50:52.772733: I tensorflow/core/profiler/lib/profiler_session.cc:164] Profiler session started.
2020-09-16 01:50:52.772801: E tensorflow/core/profiler/internal/gpu/cupti_tracer.cc:1441] function cupti_interface_->Subscribe( &subscriber_, (CUpti_CallbackFunc)ApiCallback, this)failed with error CUPTI could not be loaded or symbol could not be found.
Finishing hard training for inception
Starting fine tunning training...
Epoch 1/10
 1/67 [..............................] - ETA: 0s - loss: 3.5429 - acc: 0.25002020-09-16 01:51:24.211092: I tensorflow/core/profiler/lib/profiler_session.cc:164] Profiler session started.
2020-09-16 01:51:24.211169: E tensorflow/core/profiler/internal/gpu/cupti_tracer.cc:1441] function cupti_interface_->Subscribe( &subscriber_, (CUpti_CallbackFunc)ApiCallback, this)failed with error CUPTI could not be loaded or symbol could not be found.
2020-09-16 01:51:42.945504: I tensorflow/core/profiler/internal/gpu/device_tracer.cc:223]  GpuTracer has collected 0 callback api events and 0 activity events.
2020-09-16 01:51:43.051381: I tensorflow/core/profiler/rpc/client/save_profile.cc:176] Creating directory: ../data-lake/tf_logs/inception_20200915-195931/train/plugins/profile/2020_09_16_01_51_42
2020-09-16 01:51:43.091615: I tensorflow/core/profiler/rpc/client/save_profile.cc:182] Dumped gzipped tool data for trace.json.gz to ../data-lake/tf_logs/inception_20200915-195931/train/plugins/profile/2020_09_16_01_51_42/gesture-vm.trace.json.gz
2020-09-16 01:51:43.128880: I tensorflow/core/profiler/rpc/client/save_profile.cc:176] Creating directory: ../data-lake/tf_logs/inception_20200915-195931/train/plugins/profile/2020_09_16_01_51_42
2020-09-16 01:51:43.143971: I tensorflow/core/profiler/rpc/client/save_profile.cc:182] Dumped gzipped tool data for memory_profile.json.gz to ../data-lake/tf_logs/inception_20200915-195931/train/plugins/profile/2020_09_16_01_51_42/gesture-vm.memory_profile.json.gz
2020-09-16 01:51:43.304091: I tensorflow/python/profiler/internal/profiler_wrapper.cc:111] Creating directory: ../data-lake/tf_logs/inception_20200915-195931/train/plugins/profile/2020_09_16_01_51_42Dumped tool data for xplane.pb to ../data-lake/tf_logs/inception_20200915-195931/train/plugins/profile/2020_09_16_01_51_42/gesture-vm.xplane.pb
Dumped tool data for overview_page.pb to ../data-lake/tf_logs/inception_20200915-195931/train/plugins/profile/2020_09_16_01_51_42/gesture-vm.overview_page.pb
Dumped tool data for input_pipeline.pb to ../data-lake/tf_logs/inception_20200915-195931/train/plugins/profile/2020_09_16_01_51_42/gesture-vm.input_pipeline.pb
Dumped tool data for tensorflow_stats.pb to ../data-lake/tf_logs/inception_20200915-195931/train/plugins/profile/2020_09_16_01_51_42/gesture-vm.tensorflow_stats.pb
Dumped tool data for kernel_stats.pb to ../data-lake/tf_logs/inception_20200915-195931/train/plugins/profile/2020_09_16_01_51_42/gesture-vm.kernel_stats.pb

67/67 [==============================] - 1317s 20s/step - loss: 2.6854 - acc: 0.4160 - val_loss: 2.2553 - val_acc: 0.6094
Epoch 2/10
67/67 [==============================] - 1314s 20s/step - loss: 2.2620 - acc: 0.5914 - val_loss: 2.1865 - val_acc: 0.6523
Epoch 3/10
67/67 [==============================] - 1311s 20s/step - loss: 2.0959 - acc: 0.6604 - val_loss: 2.1607 - val_acc: 0.6328
Epoch 4/10
67/67 [==============================] - 1308s 20s/step - loss: 2.0854 - acc: 0.6474 - val_loss: 2.1221 - val_acc: 0.6602
Epoch 5/10
67/67 [==============================] - 1314s 20s/step - loss: 1.9639 - acc: 0.6810 - val_loss: 2.1221 - val_acc: 0.6523
Epoch 6/10
67/67 [==============================] - 1339s 20s/step - loss: 1.9352 - acc: 0.7052 - val_loss: 2.0821 - val_acc: 0.6523
Epoch 7/10
67/67 [==============================] - 1337s 20s/step - loss: 1.9058 - acc: 0.6828 - val_loss: 2.0825 - val_acc: 0.6523
Epoch 8/10
67/67 [==============================] - 1337s 20s/step - loss: 1.8469 - acc: 0.7276 - val_loss: 2.0721 - val_acc: 0.6406
Epoch 9/10
67/67 [==============================] - 1337s 20s/step - loss: 1.7544 - acc: 0.7873 - val_loss: 2.0312 - val_acc: 0.6406
Epoch 10/10
67/67 [==============================] - 1338s 20s/step - loss: 1.6909 - acc: 0.8004 - val_loss: 2.0105 - val_acc: 0.6641
Finished fine tunning training for inception
Starting with inception_resnet...
Downloading data from https://storage.googleapis.com/tensorflow/keras-applications/inception_resnet_v2/inception_resnet_v2_weights_tf_dim_ordering_tf_kernels_notop.h5
219062272/219055592 [==============================] - 5s 0us/step
2020-09-16 05:35:44.618536: I tensorflow/core/profiler/lib/profiler_session.cc:164] Profiler session started.
2020-09-16 05:35:44.618617: E tensorflow/core/profiler/internal/gpu/cupti_tracer.cc:1441] function cupti_interface_->Subscribe( &subscriber_, (CUpti_CallbackFunc)ApiCallback, this)failed with error CUPTI could not be loaded or symbol could not be found.
class clap, validation count: 42, train count: 88
class eat, validation count: 35, train count: 73
class laugh, validation count: 42, train count: 86
class pick, validation count: 34, train count: 72
class smile, validation count: 33, train count: 69
class talk, validation count: 39, train count: 81
class wave, validation count: 34, train count: 70
Total data: 7 classes for 539 files for train
Total data: 7 classes for 259 files for validation
Epoch 1/50
 1/67 [..............................] - ETA: 0s - loss: 5.5534 - acc: 0.0000e+002020-09-16 05:36:16.717565: I tensorflow/core/profiler/lib/profiler_session.cc:164] Profiler session started.
2020-09-16 05:36:16.717642: E tensorflow/core/profiler/internal/gpu/cupti_tracer.cc:1441] function cupti_interface_->Subscribe( &subscriber_, (CUpti_CallbackFunc)ApiCallback, this)failed with error CUPTI could not be loaded or symbol could not be found.
2020-09-16 05:36:27.284367: I tensorflow/core/profiler/internal/gpu/device_tracer.cc:223]  GpuTracer has collected 0 callback api events and 0 activity events.
2020-09-16 05:36:27.416824: I tensorflow/core/profiler/rpc/client/save_profile.cc:176] Creating directory: ../data-lake/tf_logs/inception_resnet_20200916-053543/train/plugins/profile/2020_09_16_05_36_27
2020-09-16 05:36:27.460593: I tensorflow/core/profiler/rpc/client/save_profile.cc:182] Dumped gzipped tool data for trace.json.gz to ../data-lake/tf_logs/inception_resnet_20200916-053543/train/plugins/profile/2020_09_16_05_36_27/gesture-vm.trace.json.gz
2020-09-16 05:36:27.496938: I tensorflow/core/profiler/rpc/client/save_profile.cc:176] Creating directory: ../data-lake/tf_logs/inception_resnet_20200916-053543/train/plugins/profile/2020_09_16_05_36_27
2020-09-16 05:36:27.510546: I tensorflow/core/profiler/rpc/client/save_profile.cc:182] Dumped gzipped tool data for memory_profile.json.gz to ../data-lake/tf_logs/inception_resnet_20200916-053543/train/plugins/profile/2020_09_16_05_36_27/gesture-vm.memory_profile.json.gz
2020-09-16 05:36:27.670499: I tensorflow/python/profiler/internal/profiler_wrapper.cc:111] Creating directory: ../data-lake/tf_logs/inception_resnet_20200916-053543/train/plugins/profile/2020_09_16_05_36_27Dumped tool data for xplane.pb to ../data-lake/tf_logs/inception_resnet_20200916-053543/train/plugins/profile/2020_09_16_05_36_27/gesture-vm.xplane.pb
Dumped tool data for overview_page.pb to ../data-lake/tf_logs/inception_resnet_20200916-053543/train/plugins/profile/2020_09_16_05_36_27/gesture-vm.overview_page.pb
Dumped tool data for input_pipeline.pb to ../data-lake/tf_logs/inception_resnet_20200916-053543/train/plugins/profile/2020_09_16_05_36_27/gesture-vm.input_pipeline.pb
Dumped tool data for tensorflow_stats.pb to ../data-lake/tf_logs/inception_resnet_20200916-053543/train/plugins/profile/2020_09_16_05_36_27/gesture-vm.tensorflow_stats.pb
Dumped tool data for kernel_stats.pb to ../data-lake/tf_logs/inception_resnet_20200916-053543/train/plugins/profile/2020_09_16_05_36_27/gesture-vm.kernel_stats.pb

67/67 [==============================] - 975s 15s/step - loss: 5.5161 - acc: 0.1866 - val_loss: 5.4601 - val_acc: 0.1953
Epoch 2/50
67/67 [==============================] - 931s 14s/step - loss: 5.4145 - acc: 0.1828 - val_loss: 5.3555 - val_acc: 0.2031
Epoch 3/50
67/67 [==============================] - 929s 14s/step - loss: 5.3152 - acc: 0.2127 - val_loss: 5.2637 - val_acc: 0.2070
Epoch 4/50
67/67 [==============================] - 935s 14s/step - loss: 5.2262 - acc: 0.1754 - val_loss: 5.1732 - val_acc: 0.1953
Epoch 5/50
67/67 [==============================] - 951s 14s/step - loss: 5.1257 - acc: 0.2034 - val_loss: 5.0768 - val_acc: 0.2109
Epoch 6/50
67/67 [==============================] - 933s 14s/step - loss: 5.0298 - acc: 0.2351 - val_loss: 4.9964 - val_acc: 0.2031
Epoch 7/50
67/67 [==============================] - 931s 14s/step - loss: 4.9341 - acc: 0.2257 - val_loss: 4.8901 - val_acc: 0.2188
Epoch 8/50
67/67 [==============================] - 933s 14s/step - loss: 4.8377 - acc: 0.2575 - val_loss: 4.8138 - val_acc: 0.2070
Epoch 9/50
67/67 [==============================] - 937s 14s/step - loss: 4.7629 - acc: 0.2612 - val_loss: 4.7085 - val_acc: 0.2734
Epoch 10/50
67/67 [==============================] - 932s 14s/step - loss: 4.6384 - acc: 0.3340 - val_loss: 4.6077 - val_acc: 0.3242
Epoch 11/50
67/67 [==============================] - 936s 14s/step - loss: 4.5428 - acc: 0.3209 - val_loss: 4.4924 - val_acc: 0.2734
Epoch 12/50
67/67 [==============================] - 932s 14s/step - loss: 4.4229 - acc: 0.3340 - val_loss: 4.4031 - val_acc: 0.2969
Epoch 13/50
67/67 [==============================] - 934s 14s/step - loss: 4.3322 - acc: 0.3265 - val_loss: 4.3132 - val_acc: 0.2773
Epoch 14/50
67/67 [==============================] - 934s 14s/step - loss: 4.1867 - acc: 0.3862 - val_loss: 4.2169 - val_acc: 0.3516
Epoch 15/50
67/67 [==============================] - 933s 14s/step - loss: 4.0749 - acc: 0.4254 - val_loss: 4.0772 - val_acc: 0.4180
Epoch 16/50
67/67 [==============================] - 932s 14s/step - loss: 3.9823 - acc: 0.4272 - val_loss: 4.0402 - val_acc: 0.4102
Epoch 17/50
67/67 [==============================] - 935s 14s/step - loss: 3.8840 - acc: 0.4627 - val_loss: 3.8770 - val_acc: 0.4453
Epoch 18/50
67/67 [==============================] - 933s 14s/step - loss: 3.8246 - acc: 0.4235 - val_loss: 3.7964 - val_acc: 0.4570
Epoch 19/50
67/67 [==============================] - 930s 14s/step - loss: 3.7229 - acc: 0.4422 - val_loss: 3.7770 - val_acc: 0.3945
Epoch 20/50
67/67 [==============================] - 933s 14s/step - loss: 3.6733 - acc: 0.4123 - val_loss: 3.7832 - val_acc: 0.3633
Epoch 21/50
67/67 [==============================] - 956s 14s/step - loss: 3.5790 - acc: 0.4664 - val_loss: 3.5867 - val_acc: 0.4922
Epoch 22/50
67/67 [==============================] - 965s 14s/step - loss: 3.5713 - acc: 0.4608 - val_loss: 3.5353 - val_acc: 0.4844
Epoch 23/50
67/67 [==============================] - 944s 14s/step - loss: 3.4168 - acc: 0.5019 - val_loss: 3.4359 - val_acc: 0.5312
Epoch 24/50
67/67 [==============================] - 939s 14s/step - loss: 3.3326 - acc: 0.5000 - val_loss: 3.3687 - val_acc: 0.4688
Epoch 25/50
67/67 [==============================] - 945s 14s/step - loss: 3.3221 - acc: 0.4720 - val_loss: 3.4183 - val_acc: 0.4258
Epoch 26/50
67/67 [==============================] - 943s 14s/step - loss: 3.2341 - acc: 0.5000 - val_loss: 3.3007 - val_acc: 0.4922
Epoch 27/50
67/67 [==============================] - 941s 14s/step - loss: 3.1645 - acc: 0.5149 - val_loss: 3.1940 - val_acc: 0.4805
Epoch 28/50
67/67 [==============================] - 937s 14s/step - loss: 3.1167 - acc: 0.5299 - val_loss: 3.2685 - val_acc: 0.4727
Epoch 29/50
67/67 [==============================] - 938s 14s/step - loss: 3.0018 - acc: 0.5522 - val_loss: 3.0603 - val_acc: 0.5469
Epoch 30/50
67/67 [==============================] - 938s 14s/step - loss: 2.9971 - acc: 0.5280 - val_loss: 3.0554 - val_acc: 0.5039
Epoch 31/50
67/67 [==============================] - 942s 14s/step - loss: 2.9888 - acc: 0.5205 - val_loss: 3.0797 - val_acc: 0.4766
Epoch 32/50
67/67 [==============================] - 940s 14s/step - loss: 2.9417 - acc: 0.5168 - val_loss: 3.0062 - val_acc: 0.4727
Epoch 33/50
67/67 [==============================] - 942s 14s/step - loss: 2.8147 - acc: 0.5560 - val_loss: 2.9668 - val_acc: 0.4922
Epoch 34/50
67/67 [==============================] - 939s 14s/step - loss: 2.7320 - acc: 0.5672 - val_loss: 2.9579 - val_acc: 0.4570
Epoch 35/50
67/67 [==============================] - 945s 14s/step - loss: 2.7922 - acc: 0.5392 - val_loss: 2.8675 - val_acc: 0.5195
Epoch 36/50
67/67 [==============================] - 936s 14s/step - loss: 2.7010 - acc: 0.5560 - val_loss: 2.9268 - val_acc: 0.4531
Epoch 37/50
67/67 [==============================] - 938s 14s/step - loss: 2.6647 - acc: 0.5690 - val_loss: 2.7654 - val_acc: 0.5586
Epoch 38/50
67/67 [==============================] - 948s 14s/step - loss: 2.5733 - acc: 0.5802 - val_loss: 2.6674 - val_acc: 0.5703
Epoch 39/50
67/67 [==============================] - 937s 14s/step - loss: 2.5563 - acc: 0.5933 - val_loss: 2.6759 - val_acc: 0.5781
Epoch 40/50
67/67 [==============================] - 943s 14s/step - loss: 2.4590 - acc: 0.6287 - val_loss: 2.6627 - val_acc: 0.5430
Epoch 41/50
67/67 [==============================] - 942s 14s/step - loss: 2.4471 - acc: 0.5970 - val_loss: 2.7531 - val_acc: 0.4648
Epoch 42/50
67/67 [==============================] - 932s 14s/step - loss: 2.3781 - acc: 0.6213 - val_loss: 2.5397 - val_acc: 0.6250
Epoch 43/50
67/67 [==============================] - 935s 14s/step - loss: 2.3563 - acc: 0.6157 - val_loss: 2.5288 - val_acc: 0.5391
Epoch 44/50
67/67 [==============================] - 945s 14s/step - loss: 2.3577 - acc: 0.6082 - val_loss: 2.5286 - val_acc: 0.5781
Epoch 45/50
67/67 [==============================] - 935s 14s/step - loss: 2.1805 - acc: 0.6679 - val_loss: 2.6580 - val_acc: 0.5117
Epoch 46/50
67/67 [==============================] - 934s 14s/step - loss: 2.2326 - acc: 0.6325 - val_loss: 2.6698 - val_acc: 0.4727
Epoch 47/50
67/67 [==============================] - 935s 14s/step - loss: 2.2076 - acc: 0.6343 - val_loss: 2.5391 - val_acc: 0.5430
Epoch 48/50
67/67 [==============================] - 944s 14s/step - loss: 2.1050 - acc: 0.6754 - val_loss: 2.4104 - val_acc: 0.5742
Epoch 49/50
67/67 [==============================] - 963s 14s/step - loss: 2.0957 - acc: 0.6642 - val_loss: 2.4722 - val_acc: 0.5664
Epoch 50/50
67/67 [==============================] - 959s 14s/step - loss: 2.0871 - acc: 0.6791 - val_loss: 2.4811 - val_acc: 0.5312
2020-09-16 18:49:26.039492: I tensorflow/core/profiler/lib/profiler_session.cc:164] Profiler session started.
2020-09-16 18:49:26.039568: E tensorflow/core/profiler/internal/gpu/cupti_tracer.cc:1441] function cupti_interface_->Subscribe( &subscriber_, (CUpti_CallbackFunc)ApiCallback, this)failed with error CUPTI could not be loaded or symbol could not be found.
Finishing hard training for inception_resnet
Starting fine tunning training...
Epoch 1/10
 1/67 [..............................] - ETA: 0s - loss: 2.3970 - acc: 0.50002020-09-16 18:50:47.367062: I tensorflow/core/profiler/lib/profiler_session.cc:164] Profiler session started.
2020-09-16 18:50:47.367152: E tensorflow/core/profiler/internal/gpu/cupti_tracer.cc:1441] function cupti_interface_->Subscribe( &subscriber_, (CUpti_CallbackFunc)ApiCallback, this)failed with error CUPTI could not be loaded or symbol could not be found.
2020-09-16 18:51:37.663592: I tensorflow/core/profiler/internal/gpu/device_tracer.cc:223]  GpuTracer has collected 0 callback api events and 0 activity events.
2020-09-16 18:51:37.840992: I tensorflow/core/profiler/rpc/client/save_profile.cc:176] Creating directory: ../data-lake/tf_logs/inception_resnet_20200916-053543/train/plugins/profile/2020_09_16_18_51_37
2020-09-16 18:51:37.905396: I tensorflow/core/profiler/rpc/client/save_profile.cc:182] Dumped gzipped tool data for trace.json.gz to ../data-lake/tf_logs/inception_resnet_20200916-053543/train/plugins/profile/2020_09_16_18_51_37/gesture-vm.trace.json.gz
2020-09-16 18:51:38.029109: I tensorflow/core/profiler/rpc/client/save_profile.cc:176] Creating directory: ../data-lake/tf_logs/inception_resnet_20200916-053543/train/plugins/profile/2020_09_16_18_51_37
2020-09-16 18:51:38.059887: I tensorflow/core/profiler/rpc/client/save_profile.cc:182] Dumped gzipped tool data for memory_profile.json.gz to ../data-lake/tf_logs/inception_resnet_20200916-053543/train/plugins/profile/2020_09_16_18_51_37/gesture-vm.memory_profile.json.gz
2020-09-16 18:51:38.462711: I tensorflow/python/profiler/internal/profiler_wrapper.cc:111] Creating directory: ../data-lake/tf_logs/inception_resnet_20200916-053543/train/plugins/profile/2020_09_16_18_51_37Dumped tool data for xplane.pb to ../data-lake/tf_logs/inception_resnet_20200916-053543/train/plugins/profile/2020_09_16_18_51_37/gesture-vm.xplane.pb
Dumped tool data for overview_page.pb to ../data-lake/tf_logs/inception_resnet_20200916-053543/train/plugins/profile/2020_09_16_18_51_37/gesture-vm.overview_page.pb
Dumped tool data for input_pipeline.pb to ../data-lake/tf_logs/inception_resnet_20200916-053543/train/plugins/profile/2020_09_16_18_51_37/gesture-vm.input_pipeline.pb
Dumped tool data for tensorflow_stats.pb to ../data-lake/tf_logs/inception_resnet_20200916-053543/train/plugins/profile/2020_09_16_18_51_37/gesture-vm.tensorflow_stats.pb
Dumped tool data for kernel_stats.pb to ../data-lake/tf_logs/inception_resnet_20200916-053543/train/plugins/profile/2020_09_16_18_51_37/gesture-vm.kernel_stats.pb

67/67 [==============================] - 3529s 53s/step - loss: 2.6905 - acc: 0.4291 - val_loss: 2.4751 - val_acc: 0.4844
Epoch 2/10
67/67 [==============================] - 3507s 52s/step - loss: 2.4023 - acc: 0.5205 - val_loss: 2.4696 - val_acc: 0.5195
Epoch 3/10
67/67 [==============================] - 3500s 52s/step - loss: 2.3630 - acc: 0.5354 - val_loss: 2.3337 - val_acc: 0.5820
Epoch 4/10
67/67 [==============================] - 3493s 52s/step - loss: 2.2430 - acc: 0.5578 - val_loss: 2.3365 - val_acc: 0.5742
Epoch 5/10
67/67 [==============================] - 3476s 52s/step - loss: 2.0516 - acc: 0.6231 - val_loss: 2.2969 - val_acc: 0.6172
Epoch 6/10
67/67 [==============================] - 3478s 52s/step - loss: 2.0636 - acc: 0.6511 - val_loss: 2.2494 - val_acc: 0.6055
Epoch 7/10
67/67 [==============================] - 3472s 52s/step - loss: 1.9915 - acc: 0.6772 - val_loss: 2.2201 - val_acc: 0.6094
Epoch 8/10
67/67 [==============================] - 3472s 52s/step - loss: 1.9152 - acc: 0.7108 - val_loss: 2.1996 - val_acc: 0.6211
Epoch 9/10
67/67 [==============================] - 3497s 52s/step - loss: 1.8064 - acc: 0.7519 - val_loss: 2.1411 - val_acc: 0.6562
Epoch 10/10
67/67 [==============================] - 3473s 52s/step - loss: 1.7620 - acc: 0.7575 - val_loss: 2.1414 - val_acc: 0.6602
Finished fine tunning training for inception_resnet
Starting with resnet101...
Downloading data from https://storage.googleapis.com/tensorflow/keras-applications/resnet/resnet101v2_weights_tf_dim_ordering_tf_kernels_notop.h5
171319296/171317808 [==============================] - 4s 0us/step
2020-09-17 04:40:14.738501: I tensorflow/core/profiler/lib/profiler_session.cc:164] Profiler session started.
2020-09-17 04:40:14.738598: E tensorflow/core/profiler/internal/gpu/cupti_tracer.cc:1441] function cupti_interface_->Subscribe( &subscriber_, (CUpti_CallbackFunc)ApiCallback, this)failed with error CUPTI could not be loaded or symbol could not be found.
class clap, validation count: 42, train count: 88
class eat, validation count: 35, train count: 73
class laugh, validation count: 42, train count: 86
class pick, validation count: 34, train count: 72
class smile, validation count: 33, train count: 69
class talk, validation count: 39, train count: 81
class wave, validation count: 34, train count: 70
Total data: 7 classes for 539 files for train
Total data: 7 classes for 259 files for validation
Epoch 1/50
 1/67 [..............................] - ETA: 0s - loss: 5.5181 - acc: 0.12502020-09-17 04:40:34.998091: I tensorflow/core/profiler/lib/profiler_session.cc:164] Profiler session started.
2020-09-17 04:40:34.998174: E tensorflow/core/profiler/internal/gpu/cupti_tracer.cc:1441] function cupti_interface_->Subscribe( &subscriber_, (CUpti_CallbackFunc)ApiCallback, this)failed with error CUPTI could not be loaded or symbol could not be found.
2020-09-17 04:40:41.509139: I tensorflow/core/profiler/internal/gpu/device_tracer.cc:223]  GpuTracer has collected 0 callback api events and 0 activity events.
2020-09-17 04:40:41.693968: I tensorflow/core/profiler/rpc/client/save_profile.cc:176] Creating directory: ../data-lake/tf_logs/resnet101_20200917-044014/train/plugins/profile/2020_09_17_04_40_41
2020-09-17 04:40:41.722440: I tensorflow/core/profiler/rpc/client/save_profile.cc:182] Dumped gzipped tool data for trace.json.gz to ../data-lake/tf_logs/resnet101_20200917-044014/train/plugins/profile/2020_09_17_04_40_41/gesture-vm.trace.json.gz
2020-09-17 04:40:41.749141: I tensorflow/core/profiler/rpc/client/save_profile.cc:176] Creating directory: ../data-lake/tf_logs/resnet101_20200917-044014/train/plugins/profile/2020_09_17_04_40_41
2020-09-17 04:40:41.762013: I tensorflow/core/profiler/rpc/client/save_profile.cc:182] Dumped gzipped tool data for memory_profile.json.gz to ../data-lake/tf_logs/resnet101_20200917-044014/train/plugins/profile/2020_09_17_04_40_41/gesture-vm.memory_profile.json.gz
2020-09-17 04:40:41.872078: I tensorflow/python/profiler/internal/profiler_wrapper.cc:111] Creating directory: ../data-lake/tf_logs/resnet101_20200917-044014/train/plugins/profile/2020_09_17_04_40_41Dumped tool data for xplane.pb to ../data-lake/tf_logs/resnet101_20200917-044014/train/plugins/profile/2020_09_17_04_40_41/gesture-vm.xplane.pb
Dumped tool data for overview_page.pb to ../data-lake/tf_logs/resnet101_20200917-044014/train/plugins/profile/2020_09_17_04_40_41/gesture-vm.overview_page.pb
Dumped tool data for input_pipeline.pb to ../data-lake/tf_logs/resnet101_20200917-044014/train/plugins/profile/2020_09_17_04_40_41/gesture-vm.input_pipeline.pb
Dumped tool data for tensorflow_stats.pb to ../data-lake/tf_logs/resnet101_20200917-044014/train/plugins/profile/2020_09_17_04_40_41/gesture-vm.tensorflow_stats.pb
Dumped tool data for kernel_stats.pb to ../data-lake/tf_logs/resnet101_20200917-044014/train/plugins/profile/2020_09_17_04_40_41/gesture-vm.kernel_stats.pb

67/67 [==============================] - 559s 8s/step - loss: 5.5228 - acc: 0.1511 - val_loss: 5.4646 - val_acc: 0.1602
Epoch 2/50
67/67 [==============================] - 540s 8s/step - loss: 5.4079 - acc: 0.2146 - val_loss: 5.3523 - val_acc: 0.2344
Epoch 3/50
67/67 [==============================] - 539s 8s/step - loss: 5.2940 - acc: 0.2761 - val_loss: 5.2531 - val_acc: 0.2344
Epoch 4/50
67/67 [==============================] - 540s 8s/step - loss: 5.1633 - acc: 0.3358 - val_loss: 5.1223 - val_acc: 0.2773
Epoch 5/50
67/67 [==============================] - 539s 8s/step - loss: 5.0381 - acc: 0.3321 - val_loss: 4.9680 - val_acc: 0.3398
Epoch 6/50
67/67 [==============================] - 540s 8s/step - loss: 4.8493 - acc: 0.3787 - val_loss: 4.8187 - val_acc: 0.3359
Epoch 7/50
67/67 [==============================] - 539s 8s/step - loss: 4.7063 - acc: 0.4123 - val_loss: 4.6477 - val_acc: 0.4180
Epoch 8/50
67/67 [==============================] - 539s 8s/step - loss: 4.5233 - acc: 0.4608 - val_loss: 4.5401 - val_acc: 0.3672
Epoch 9/50
67/67 [==============================] - 540s 8s/step - loss: 4.4013 - acc: 0.4496 - val_loss: 4.3886 - val_acc: 0.4492
Epoch 10/50
67/67 [==============================] - 539s 8s/step - loss: 4.2444 - acc: 0.4832 - val_loss: 4.2893 - val_acc: 0.4805
Epoch 11/50
67/67 [==============================] - 542s 8s/step - loss: 4.1439 - acc: 0.5075 - val_loss: 4.1897 - val_acc: 0.4688
Epoch 12/50
67/67 [==============================] - 540s 8s/step - loss: 4.0245 - acc: 0.5485 - val_loss: 4.1207 - val_acc: 0.4727
Epoch 13/50
67/67 [==============================] - 539s 8s/step - loss: 3.9119 - acc: 0.5336 - val_loss: 4.1478 - val_acc: 0.4336
Epoch 14/50
67/67 [==============================] - 538s 8s/step - loss: 3.7824 - acc: 0.5560 - val_loss: 3.9252 - val_acc: 0.5234
Epoch 15/50
67/67 [==============================] - 543s 8s/step - loss: 3.7149 - acc: 0.5840 - val_loss: 3.9184 - val_acc: 0.4727
Epoch 16/50
67/67 [==============================] - 543s 8s/step - loss: 3.5858 - acc: 0.5951 - val_loss: 3.8119 - val_acc: 0.5312
Epoch 17/50
67/67 [==============================] - 541s 8s/step - loss: 3.4931 - acc: 0.6175 - val_loss: 3.7451 - val_acc: 0.5039
Epoch 18/50
67/67 [==============================] - 540s 8s/step - loss: 3.4051 - acc: 0.6269 - val_loss: 3.6360 - val_acc: 0.5625
Epoch 19/50
67/67 [==============================] - 540s 8s/step - loss: 3.3048 - acc: 0.6474 - val_loss: 3.5308 - val_acc: 0.5234
Epoch 20/50
67/67 [==============================] - 539s 8s/step - loss: 3.2498 - acc: 0.6772 - val_loss: 3.5715 - val_acc: 0.5352
Epoch 21/50
67/67 [==============================] - 541s 8s/step - loss: 3.1626 - acc: 0.6903 - val_loss: 3.4417 - val_acc: 0.5664
Epoch 22/50
67/67 [==============================] - 540s 8s/step - loss: 3.0943 - acc: 0.6698 - val_loss: 3.4360 - val_acc: 0.5547
Epoch 23/50
67/67 [==============================] - 546s 8s/step - loss: 3.1090 - acc: 0.6735 - val_loss: 3.3417 - val_acc: 0.5586
Epoch 24/50
67/67 [==============================] - 538s 8s/step - loss: 3.0179 - acc: 0.6884 - val_loss: 3.4195 - val_acc: 0.5391
Epoch 25/50
67/67 [==============================] - 537s 8s/step - loss: 2.9570 - acc: 0.6940 - val_loss: 3.2928 - val_acc: 0.5938
Epoch 26/50
67/67 [==============================] - 538s 8s/step - loss: 2.8448 - acc: 0.7034 - val_loss: 3.3614 - val_acc: 0.5039
Epoch 27/50
67/67 [==============================] - 547s 8s/step - loss: 2.7978 - acc: 0.7052 - val_loss: 3.2118 - val_acc: 0.5820
Epoch 28/50
67/67 [==============================] - 549s 8s/step - loss: 2.7953 - acc: 0.6940 - val_loss: 3.1240 - val_acc: 0.5781
Epoch 29/50
67/67 [==============================] - 540s 8s/step - loss: 2.7550 - acc: 0.6922 - val_loss: 3.1282 - val_acc: 0.5859
Epoch 30/50
67/67 [==============================] - 537s 8s/step - loss: 2.7527 - acc: 0.6549 - val_loss: 3.1056 - val_acc: 0.5352
Epoch 31/50
67/67 [==============================] - 551s 8s/step - loss: 2.7160 - acc: 0.6549 - val_loss: 3.0985 - val_acc: 0.5781
Epoch 32/50
67/67 [==============================] - 540s 8s/step - loss: 2.5945 - acc: 0.6903 - val_loss: 2.9917 - val_acc: 0.5781
Epoch 33/50
67/67 [==============================] - 552s 8s/step - loss: 2.5593 - acc: 0.6978 - val_loss: 2.8840 - val_acc: 0.5977
Epoch 34/50
67/67 [==============================] - 547s 8s/step - loss: 2.5235 - acc: 0.7239 - val_loss: 2.9709 - val_acc: 0.5430
Epoch 35/50
67/67 [==============================] - 542s 8s/step - loss: 2.4613 - acc: 0.7332 - val_loss: 2.9430 - val_acc: 0.5391
Epoch 36/50
67/67 [==============================] - 541s 8s/step - loss: 2.3725 - acc: 0.7313 - val_loss: 2.9054 - val_acc: 0.5977
Epoch 37/50
67/67 [==============================] - 538s 8s/step - loss: 2.4081 - acc: 0.6959 - val_loss: 2.8449 - val_acc: 0.5703
Epoch 38/50
67/67 [==============================] - 544s 8s/step - loss: 2.3214 - acc: 0.7332 - val_loss: 2.7891 - val_acc: 0.6016
Epoch 39/50
67/67 [==============================] - 539s 8s/step - loss: 2.3270 - acc: 0.7146 - val_loss: 2.7674 - val_acc: 0.5586
Epoch 40/50
67/67 [==============================] - 541s 8s/step - loss: 2.3252 - acc: 0.7034 - val_loss: 2.6485 - val_acc: 0.5625
Epoch 41/50
67/67 [==============================] - 549s 8s/step - loss: 2.2262 - acc: 0.7220 - val_loss: 2.7143 - val_acc: 0.5703
Epoch 42/50
67/67 [==============================] - 541s 8s/step - loss: 2.1630 - acc: 0.7239 - val_loss: 2.6845 - val_acc: 0.5820
Epoch 43/50
67/67 [==============================] - 553s 8s/step - loss: 2.2137 - acc: 0.7239 - val_loss: 2.8626 - val_acc: 0.4805
Epoch 44/50
67/67 [==============================] - 543s 8s/step - loss: 2.2088 - acc: 0.6828 - val_loss: 2.6507 - val_acc: 0.5781
Epoch 45/50
67/67 [==============================] - 549s 8s/step - loss: 2.1626 - acc: 0.7183 - val_loss: 2.5265 - val_acc: 0.5859
Epoch 46/50
67/67 [==============================] - 549s 8s/step - loss: 2.0895 - acc: 0.7313 - val_loss: 2.5688 - val_acc: 0.6016
Epoch 47/50
67/67 [==============================] - 548s 8s/step - loss: 1.9823 - acc: 0.7481 - val_loss: 2.5907 - val_acc: 0.5820
Epoch 48/50
67/67 [==============================] - 540s 8s/step - loss: 1.9738 - acc: 0.7295 - val_loss: 2.5117 - val_acc: 0.5820
Epoch 49/50
67/67 [==============================] - 539s 8s/step - loss: 1.9177 - acc: 0.7705 - val_loss: 2.4485 - val_acc: 0.6289
Epoch 50/50
67/67 [==============================] - 540s 8s/step - loss: 1.8901 - acc: 0.7575 - val_loss: 2.4624 - val_acc: 0.5469
2020-09-17 12:18:15.228337: I tensorflow/core/profiler/lib/profiler_session.cc:164] Profiler session started.
2020-09-17 12:18:15.228413: E tensorflow/core/profiler/internal/gpu/cupti_tracer.cc:1441] function cupti_interface_->Subscribe( &subscriber_, (CUpti_CallbackFunc)ApiCallback, this)failed with error CUPTI could not be loaded or symbol could not be found.
Finishing hard training for resnet101
Starting fine tunning training...
Epoch 1/10
 1/67 [..............................] - ETA: 0s - loss: 4.4169 - acc: 0.25002020-09-17 12:19:06.912051: I tensorflow/core/profiler/lib/profiler_session.cc:164] Profiler session started.
2020-09-17 12:19:06.912286: E tensorflow/core/profiler/internal/gpu/cupti_tracer.cc:1441] function cupti_interface_->Subscribe( &subscriber_, (CUpti_CallbackFunc)ApiCallback, this)failed with error CUPTI could not be loaded or symbol could not be found.
2020-09-17 12:19:39.411734: I tensorflow/core/profiler/internal/gpu/device_tracer.cc:223]  GpuTracer has collected 0 callback api events and 0 activity events.
2020-09-17 12:19:39.580518: I tensorflow/core/profiler/rpc/client/save_profile.cc:176] Creating directory: ../data-lake/tf_logs/resnet101_20200917-044014/train/plugins/profile/2020_09_17_12_19_39
2020-09-17 12:19:39.650202: I tensorflow/core/profiler/rpc/client/save_profile.cc:182] Dumped gzipped tool data for trace.json.gz to ../data-lake/tf_logs/resnet101_20200917-044014/train/plugins/profile/2020_09_17_12_19_39/gesture-vm.trace.json.gz
2020-09-17 12:19:39.711933: I tensorflow/core/profiler/rpc/client/save_profile.cc:176] Creating directory: ../data-lake/tf_logs/resnet101_20200917-044014/train/plugins/profile/2020_09_17_12_19_39
2020-09-17 12:19:39.731378: I tensorflow/core/profiler/rpc/client/save_profile.cc:182] Dumped gzipped tool data for memory_profile.json.gz to ../data-lake/tf_logs/resnet101_20200917-044014/train/plugins/profile/2020_09_17_12_19_39/gesture-vm.memory_profile.json.gz
2020-09-17 12:19:39.901139: I tensorflow/python/profiler/internal/profiler_wrapper.cc:111] Creating directory: ../data-lake/tf_logs/resnet101_20200917-044014/train/plugins/profile/2020_09_17_12_19_39Dumped tool data for xplane.pb to ../data-lake/tf_logs/resnet101_20200917-044014/train/plugins/profile/2020_09_17_12_19_39/gesture-vm.xplane.pb
Dumped tool data for overview_page.pb to ../data-lake/tf_logs/resnet101_20200917-044014/train/plugins/profile/2020_09_17_12_19_39/gesture-vm.overview_page.pb
Dumped tool data for input_pipeline.pb to ../data-lake/tf_logs/resnet101_20200917-044014/train/plugins/profile/2020_09_17_12_19_39/gesture-vm.input_pipeline.pb
Dumped tool data for tensorflow_stats.pb to ../data-lake/tf_logs/resnet101_20200917-044014/train/plugins/profile/2020_09_17_12_19_39/gesture-vm.tensorflow_stats.pb
Dumped tool data for kernel_stats.pb to ../data-lake/tf_logs/resnet101_20200917-044014/train/plugins/profile/2020_09_17_12_19_39/gesture-vm.kernel_stats.pb

67/67 [==============================] - 2254s 34s/step - loss: 3.1450 - acc: 0.3769 - val_loss: 2.4636 - val_acc: 0.5234
Epoch 2/10
67/67 [==============================] - 2259s 34s/step - loss: 2.4763 - acc: 0.5224 - val_loss: 2.4633 - val_acc: 0.5586
Epoch 3/10
67/67 [==============================] - 2257s 34s/step - loss: 2.2837 - acc: 0.5840 - val_loss: 2.4464 - val_acc: 0.5664
Epoch 4/10
67/67 [==============================] - 2251s 34s/step - loss: 2.1813 - acc: 0.5970 - val_loss: 2.3930 - val_acc: 0.6016
Epoch 5/10
67/67 [==============================] - 2248s 34s/step - loss: 2.0620 - acc: 0.6642 - val_loss: 2.3663 - val_acc: 0.5703
Epoch 6/10
67/67 [==============================] - 2250s 34s/step - loss: 2.0852 - acc: 0.6530 - val_loss: 2.3684 - val_acc: 0.5898
Epoch 7/10
67/67 [==============================] - 2252s 34s/step - loss: 2.0103 - acc: 0.6698 - val_loss: 2.3572 - val_acc: 0.5938
Epoch 8/10
67/67 [==============================] - 2247s 34s/step - loss: 1.9315 - acc: 0.7164 - val_loss: 2.3146 - val_acc: 0.5977
Epoch 9/10
67/67 [==============================] - 2262s 34s/step - loss: 1.8836 - acc: 0.7332 - val_loss: 2.2858 - val_acc: 0.6250
Epoch 10/10
67/67 [==============================] - 2336s 35s/step - loss: 1.8634 - acc: 0.7257 - val_loss: 2.2388 - val_acc: 0.6211
Finished fine tunning training for resnet101
Starting with resnet152...
Downloading data from https://storage.googleapis.com/tensorflow/keras-applications/resnet/resnet152v2_weights_tf_dim_ordering_tf_kernels_notop.h5
234553344/234545216 [==============================] - 4s 0us/step
2020-09-17 18:41:22.990284: I tensorflow/core/profiler/lib/profiler_session.cc:164] Profiler session started.
2020-09-17 18:41:22.990397: E tensorflow/core/profiler/internal/gpu/cupti_tracer.cc:1441] function cupti_interface_->Subscribe( &subscriber_, (CUpti_CallbackFunc)ApiCallback, this)failed with error CUPTI could not be loaded or symbol could not be found.
class clap, validation count: 42, train count: 88
class eat, validation count: 35, train count: 73
class laugh, validation count: 42, train count: 86
class pick, validation count: 34, train count: 72
class smile, validation count: 33, train count: 69
class talk, validation count: 39, train count: 81
class wave, validation count: 34, train count: 70
Total data: 7 classes for 539 files for train
Total data: 7 classes for 259 files for validation
Epoch 1/50
 1/67 [..............................] - ETA: 0s - loss: 5.5747 - acc: 0.25002020-09-17 18:41:51.796353: I tensorflow/core/profiler/lib/profiler_session.cc:164] Profiler session started.
2020-09-17 18:41:51.796444: E tensorflow/core/profiler/internal/gpu/cupti_tracer.cc:1441] function cupti_interface_->Subscribe( &subscriber_, (CUpti_CallbackFunc)ApiCallback, this)failed with error CUPTI could not be loaded or symbol could not be found.
2020-09-17 18:42:01.065857: I tensorflow/core/profiler/internal/gpu/device_tracer.cc:223]  GpuTracer has collected 0 callback api events and 0 activity events.
2020-09-17 18:42:01.183731: I tensorflow/core/profiler/rpc/client/save_profile.cc:176] Creating directory: ../data-lake/tf_logs/resnet152_20200917-184122/train/plugins/profile/2020_09_17_18_42_01
2020-09-17 18:42:01.213945: I tensorflow/core/profiler/rpc/client/save_profile.cc:182] Dumped gzipped tool data for trace.json.gz to ../data-lake/tf_logs/resnet152_20200917-184122/train/plugins/profile/2020_09_17_18_42_01/gesture-vm.trace.json.gz
2020-09-17 18:42:01.246780: I tensorflow/core/profiler/rpc/client/save_profile.cc:176] Creating directory: ../data-lake/tf_logs/resnet152_20200917-184122/train/plugins/profile/2020_09_17_18_42_01
2020-09-17 18:42:01.258933: I tensorflow/core/profiler/rpc/client/save_profile.cc:182] Dumped gzipped tool data for memory_profile.json.gz to ../data-lake/tf_logs/resnet152_20200917-184122/train/plugins/profile/2020_09_17_18_42_01/gesture-vm.memory_profile.json.gz
2020-09-17 18:42:01.373628: I tensorflow/python/profiler/internal/profiler_wrapper.cc:111] Creating directory: ../data-lake/tf_logs/resnet152_20200917-184122/train/plugins/profile/2020_09_17_18_42_01Dumped tool data for xplane.pb to ../data-lake/tf_logs/resnet152_20200917-184122/train/plugins/profile/2020_09_17_18_42_01/gesture-vm.xplane.pb
Dumped tool data for overview_page.pb to ../data-lake/tf_logs/resnet152_20200917-184122/train/plugins/profile/2020_09_17_18_42_01/gesture-vm.overview_page.pb
Dumped tool data for input_pipeline.pb to ../data-lake/tf_logs/resnet152_20200917-184122/train/plugins/profile/2020_09_17_18_42_01/gesture-vm.input_pipeline.pb
Dumped tool data for tensorflow_stats.pb to ../data-lake/tf_logs/resnet152_20200917-184122/train/plugins/profile/2020_09_17_18_42_01/gesture-vm.tensorflow_stats.pb
Dumped tool data for kernel_stats.pb to ../data-lake/tf_logs/resnet152_20200917-184122/train/plugins/profile/2020_09_17_18_42_01/gesture-vm.kernel_stats.pb

67/67 [==============================] - 840s 13s/step - loss: 5.5197 - acc: 0.1493 - val_loss: 5.4724 - val_acc: 0.1406
Epoch 2/50
67/67 [==============================] - 823s 12s/step - loss: 5.4123 - acc: 0.1847 - val_loss: 5.3553 - val_acc: 0.2109
Epoch 3/50
67/67 [==============================] - 815s 12s/step - loss: 5.2926 - acc: 0.2276 - val_loss: 5.2388 - val_acc: 0.2148
Epoch 4/50
67/67 [==============================] - 808s 12s/step - loss: 5.1635 - acc: 0.2612 - val_loss: 5.0859 - val_acc: 0.2734
Epoch 5/50
67/67 [==============================] - 815s 12s/step - loss: 5.0037 - acc: 0.3004 - val_loss: 4.9293 - val_acc: 0.3594
Epoch 6/50
67/67 [==============================] - 818s 12s/step - loss: 4.8264 - acc: 0.3825 - val_loss: 4.7718 - val_acc: 0.3086
Epoch 7/50
67/67 [==============================] - 808s 12s/step - loss: 4.6759 - acc: 0.3787 - val_loss: 4.6093 - val_acc: 0.4297
Epoch 8/50
67/67 [==============================] - 829s 12s/step - loss: 4.5668 - acc: 0.3974 - val_loss: 4.4888 - val_acc: 0.4414
Epoch 9/50
67/67 [==============================] - 825s 12s/step - loss: 4.4252 - acc: 0.4459 - val_loss: 4.3537 - val_acc: 0.4688
Epoch 10/50
67/67 [==============================] - 816s 12s/step - loss: 4.2802 - acc: 0.5224 - val_loss: 4.2691 - val_acc: 0.4609
Epoch 11/50
67/67 [==============================] - 827s 12s/step - loss: 4.1462 - acc: 0.5299 - val_loss: 4.1341 - val_acc: 0.5117
Epoch 12/50
67/67 [==============================] - 820s 12s/step - loss: 4.0168 - acc: 0.5560 - val_loss: 4.0101 - val_acc: 0.5312
Epoch 13/50
67/67 [==============================] - 813s 12s/step - loss: 3.8750 - acc: 0.5709 - val_loss: 3.9247 - val_acc: 0.5430
Epoch 14/50
67/67 [==============================] - 836s 12s/step - loss: 3.8031 - acc: 0.5914 - val_loss: 3.8702 - val_acc: 0.5547
Epoch 15/50
67/67 [==============================] - 820s 12s/step - loss: 3.6703 - acc: 0.6045 - val_loss: 3.8051 - val_acc: 0.5273
Epoch 16/50
67/67 [==============================] - 826s 12s/step - loss: 3.5863 - acc: 0.6325 - val_loss: 3.6469 - val_acc: 0.6211
Epoch 17/50
67/67 [==============================] - 811s 12s/step - loss: 3.5348 - acc: 0.6306 - val_loss: 3.6035 - val_acc: 0.6016
Epoch 18/50
67/67 [==============================] - 812s 12s/step - loss: 3.3915 - acc: 0.6586 - val_loss: 3.6173 - val_acc: 0.5781
Epoch 19/50
67/67 [==============================] - 820s 12s/step - loss: 3.3469 - acc: 0.6381 - val_loss: 3.4254 - val_acc: 0.5977
Epoch 20/50
67/67 [==============================] - 809s 12s/step - loss: 3.2158 - acc: 0.6679 - val_loss: 3.4494 - val_acc: 0.5781
Epoch 21/50
67/67 [==============================] - 813s 12s/step - loss: 3.1151 - acc: 0.7090 - val_loss: 3.3782 - val_acc: 0.5898
Epoch 22/50
67/67 [==============================] - 811s 12s/step - loss: 3.0684 - acc: 0.6996 - val_loss: 3.3742 - val_acc: 0.5781
Epoch 23/50
67/67 [==============================] - 808s 12s/step - loss: 3.1437 - acc: 0.6567 - val_loss: 3.3755 - val_acc: 0.5391
Epoch 24/50
67/67 [==============================] - 807s 12s/step - loss: 3.0286 - acc: 0.6791 - val_loss: 3.3386 - val_acc: 0.5586
Epoch 25/50
67/67 [==============================] - 825s 12s/step - loss: 2.8986 - acc: 0.7052 - val_loss: 3.1667 - val_acc: 0.6211
Epoch 26/50
67/67 [==============================] - 812s 12s/step - loss: 2.9455 - acc: 0.6549 - val_loss: 3.1337 - val_acc: 0.5977
Epoch 27/50
67/67 [==============================] - 822s 12s/step - loss: 2.8128 - acc: 0.6903 - val_loss: 3.0348 - val_acc: 0.6094
Epoch 28/50
67/67 [==============================] - 840s 13s/step - loss: 2.7258 - acc: 0.7257 - val_loss: 2.9327 - val_acc: 0.6602
Epoch 29/50
67/67 [==============================] - 833s 12s/step - loss: 2.7225 - acc: 0.7015 - val_loss: 2.9187 - val_acc: 0.6484
Epoch 30/50
67/67 [==============================] - 828s 12s/step - loss: 2.6451 - acc: 0.7201 - val_loss: 2.8985 - val_acc: 0.6562
Epoch 31/50
67/67 [==============================] - 815s 12s/step - loss: 2.5765 - acc: 0.7201 - val_loss: 2.8468 - val_acc: 0.6406
Epoch 32/50
67/67 [==============================] - 812s 12s/step - loss: 2.4978 - acc: 0.7201 - val_loss: 2.7720 - val_acc: 0.6914
Epoch 33/50
67/67 [==============================] - 818s 12s/step - loss: 2.5208 - acc: 0.7295 - val_loss: 2.7750 - val_acc: 0.6133
Epoch 34/50
67/67 [==============================] - 820s 12s/step - loss: 2.5096 - acc: 0.7164 - val_loss: 2.9582 - val_acc: 0.5352
Epoch 35/50
67/67 [==============================] - 809s 12s/step - loss: 2.4803 - acc: 0.7108 - val_loss: 2.7594 - val_acc: 0.6016
Epoch 36/50
67/67 [==============================] - 809s 12s/step - loss: 2.3346 - acc: 0.7500 - val_loss: 2.7445 - val_acc: 0.6289
Epoch 37/50
67/67 [==============================] - 809s 12s/step - loss: 2.2631 - acc: 0.7575 - val_loss: 2.6874 - val_acc: 0.6172
Epoch 38/50
67/67 [==============================] - 820s 12s/step - loss: 2.2996 - acc: 0.7183 - val_loss: 2.5931 - val_acc: 0.6367
Epoch 39/50
67/67 [==============================] - 829s 12s/step - loss: 2.1364 - acc: 0.7948 - val_loss: 2.6593 - val_acc: 0.5781
Epoch 40/50
67/67 [==============================] - 817s 12s/step - loss: 2.2417 - acc: 0.7276 - val_loss: 2.6237 - val_acc: 0.5859
Epoch 41/50
67/67 [==============================] - 832s 12s/step - loss: 2.0950 - acc: 0.7743 - val_loss: 2.5641 - val_acc: 0.6211
Epoch 42/50
67/67 [==============================] - 818s 12s/step - loss: 2.0475 - acc: 0.7854 - val_loss: 2.4336 - val_acc: 0.6562
Epoch 43/50
67/67 [==============================] - 824s 12s/step - loss: 2.0579 - acc: 0.7649 - val_loss: 2.4620 - val_acc: 0.6641
Epoch 44/50
67/67 [==============================] - 812s 12s/step - loss: 1.9783 - acc: 0.8116 - val_loss: 2.4303 - val_acc: 0.6836
Epoch 45/50
67/67 [==============================] - 814s 12s/step - loss: 1.9574 - acc: 0.7799 - val_loss: 2.4384 - val_acc: 0.6172
Epoch 46/50
67/67 [==============================] - 824s 12s/step - loss: 2.0063 - acc: 0.7687 - val_loss: 2.4147 - val_acc: 0.6250
Epoch 47/50
67/67 [==============================] - 816s 12s/step - loss: 1.9861 - acc: 0.7407 - val_loss: 2.2767 - val_acc: 0.6562
Epoch 48/50
67/67 [==============================] - 828s 12s/step - loss: 1.9269 - acc: 0.7537 - val_loss: 2.2338 - val_acc: 0.6641
Epoch 49/50
67/67 [==============================] - 814s 12s/step - loss: 1.8751 - acc: 0.7612 - val_loss: 2.2420 - val_acc: 0.6719
Epoch 50/50
67/67 [==============================] - 817s 12s/step - loss: 1.7842 - acc: 0.8041 - val_loss: 2.2648 - val_acc: 0.6055
2020-09-18 06:12:18.643864: I tensorflow/core/profiler/lib/profiler_session.cc:164] Profiler session started.
2020-09-18 06:12:18.643944: E tensorflow/core/profiler/internal/gpu/cupti_tracer.cc:1441] function cupti_interface_->Subscribe( &subscriber_, (CUpti_CallbackFunc)ApiCallback, this)failed with error CUPTI could not be loaded or symbol could not be found.
